<?xml version="1.0" encoding="UTF-8"?>
<!-- Generated by org.testng.reporters.JUnitReportReporter -->
<testsuite skipped="0" hostname="LAPTOP-KQHR9NHD" name="com.freecrm.qa.testcases.HomePageTest" tests="2" failures="0" timestamp="06 Feb 2020 02:51:49 GMT" time="28.968" errors="0">
  <testcase name="verifyHomePageTitleTest" time="14.465" classname="com.freecrm.qa.testcases.HomePageTest"/>
  <testcase name="verifyUsernameTest" time="14.503" classname="com.freecrm.qa.testcases.HomePageTest"/>
</testsuite> <!-- com.freecrm.qa.testcases.HomePageTest -->
