<?xml version="1.0" encoding="UTF-8"?>
<!-- Generated by org.testng.reporters.JUnitReportReporter -->
<testsuite skipped="0" hostname="LAPTOP-KQHR9NHD" name="com.freecrm.qa.testcases.LoginPageTest" tests="2" failures="0" timestamp="05 Feb 2020 22:31:04 GMT" time="23.083" errors="0">
  <testcase name="loginPageTitleTest" time="6.529" classname="com.freecrm.qa.testcases.LoginPageTest"/>
  <testcase name="loginTest" time="16.554" classname="com.freecrm.qa.testcases.LoginPageTest"/>
</testsuite> <!-- com.freecrm.qa.testcases.LoginPageTest -->
